2024-12-29 01:14:01,918 - CryptoAnalyzer - INFO - تحديث بيانات BTC/USDT...
2024-12-29 01:14:04,015 - CryptoAnalyzer - INFO - تم تحديث تحليل BTC/USDT
2024-12-29 01:14:04,016 - CryptoAnalyzer - INFO - تحديث بيانات ETH/USDT...
2024-12-29 01:14:06,080 - CryptoAnalyzer - INFO - تم تحديث تحليل ETH/USDT
2024-12-29 01:14:06,083 - CryptoAnalyzer - INFO - تحديث بيانات USDC/USDT...
2024-12-29 01:14:07,814 - CryptoAnalyzer - INFO - تم تحديث تحليل USDC/USDT
2024-12-29 01:14:07,814 - CryptoAnalyzer - INFO - تحديث بيانات FDUSD/USDT...
2024-12-29 01:14:09,610 - CryptoAnalyzer - INFO - تم تحديث تحليل FDUSD/USDT
2024-12-29 01:14:09,610 - CryptoAnalyzer - INFO - تحديث بيانات SOL/USDT...
2024-12-29 01:14:12,444 - CryptoAnalyzer - INFO - تم تحديث تحليل SOL/USDT
2024-12-29 01:14:12,444 - CryptoAnalyzer - INFO - تحديث بيانات PHA/USDT...
2024-12-29 01:14:14,224 - CryptoAnalyzer - INFO - تم تحديث تحليل PHA/USDT
2024-12-29 01:14:14,225 - CryptoAnalyzer - INFO - تحديث بيانات BNB/USDT...
2024-12-29 01:14:15,960 - CryptoAnalyzer - INFO - تم تحديث تحليل BNB/USDT
2024-12-29 01:14:15,960 - CryptoAnalyzer - INFO - تحديث بيانات XRP/USDT...
2024-12-29 01:14:18,347 - CryptoAnalyzer - INFO - تم تحديث تحليل XRP/USDT
2024-12-29 01:14:18,347 - CryptoAnalyzer - INFO - تحديث بيانات ATA/USDT...
2024-12-29 01:14:20,082 - CryptoAnalyzer - INFO - تم تحديث تحليل ATA/USDT
2024-12-29 01:14:20,083 - CryptoAnalyzer - INFO - تحديث بيانات DOGE/USDT...
2024-12-29 01:14:21,904 - CryptoAnalyzer - INFO - تم تحديث تحليل DOGE/USDT
2024-12-29 01:14:21,904 - CryptoAnalyzer - INFO - تحديث بيانات GMT/USDT...
2024-12-29 01:14:23,784 - CryptoAnalyzer - INFO - تم تحديث تحليل GMT/USDT
2024-12-29 01:14:23,785 - CryptoAnalyzer - INFO - تحديث بيانات USUAL/USDT...
2024-12-29 01:14:25,721 - CryptoAnalyzer - INFO - تم تحديث تحليل USUAL/USDT
2024-12-29 01:14:25,721 - CryptoAnalyzer - INFO - تحديث بيانات PEPE/USDT...
2024-12-29 01:14:27,537 - CryptoAnalyzer - INFO - تم تحديث تحليل PEPE/USDT
2024-12-29 01:14:27,537 - CryptoAnalyzer - INFO - تحديث بيانات SUI/USDT...
2024-12-29 01:14:29,112 - CryptoAnalyzer - INFO - تم تحديث تحليل SUI/USDT
2024-12-29 01:14:29,113 - CryptoAnalyzer - INFO - تحديث بيانات HBAR/USDT...
2024-12-29 01:14:30,706 - CryptoAnalyzer - INFO - تم تحديث تحليل HBAR/USDT
2024-12-29 01:14:30,706 - CryptoAnalyzer - INFO - تحديث بيانات TRX/USDT...
2024-12-29 01:14:32,371 - CryptoAnalyzer - INFO - تم تحديث تحليل TRX/USDT
2024-12-29 01:14:32,373 - CryptoAnalyzer - INFO - تحديث بيانات LINK/USDT...
2024-12-29 01:14:34,104 - CryptoAnalyzer - INFO - تم تحديث تحليل LINK/USDT
2024-12-29 01:14:34,104 - CryptoAnalyzer - INFO - تحديث بيانات PENGU/USDT...
2024-12-29 01:14:36,933 - CryptoAnalyzer - INFO - تم تحديث تحليل PENGU/USDT
2024-12-29 01:14:36,935 - CryptoAnalyzer - INFO - تحديث بيانات ZEN/USDT...
2024-12-29 01:14:38,992 - CryptoAnalyzer - INFO - تم تحديث تحليل ZEN/USDT
2024-12-29 01:14:38,993 - CryptoAnalyzer - INFO - تحديث بيانات SCRT/USDT...
2024-12-29 01:14:41,211 - CryptoAnalyzer - INFO - تم تحديث تحليل SCRT/USDT
2024-12-29 01:16:58,050 - CryptoAnalyzer - INFO - تحديث بيانات BTC/USDT...
2024-12-29 01:17:01,185 - CryptoAnalyzer - INFO - تم تحديث تحليل BTC/USDT
2024-12-29 01:17:01,186 - CryptoAnalyzer - INFO - تحديث بيانات ETH/USDT...
2024-12-29 01:17:03,045 - CryptoAnalyzer - INFO - تم تحديث تحليل ETH/USDT
2024-12-29 01:17:03,046 - CryptoAnalyzer - INFO - تحديث بيانات USDC/USDT...
2024-12-29 01:17:05,068 - CryptoAnalyzer - INFO - تم تحديث تحليل USDC/USDT
2024-12-29 01:17:05,070 - CryptoAnalyzer - INFO - تحديث بيانات FDUSD/USDT...
2024-12-29 01:17:06,942 - CryptoAnalyzer - INFO - تم تحديث تحليل FDUSD/USDT
2024-12-29 01:17:06,942 - CryptoAnalyzer - INFO - تحديث بيانات SOL/USDT...
2024-12-29 01:17:09,190 - CryptoAnalyzer - INFO - تم تحديث تحليل SOL/USDT
2024-12-29 01:17:09,190 - CryptoAnalyzer - INFO - تحديث بيانات PHA/USDT...
2024-12-29 01:17:11,219 - CryptoAnalyzer - INFO - تم تحديث تحليل PHA/USDT
2024-12-29 01:17:11,220 - CryptoAnalyzer - INFO - تحديث بيانات BNB/USDT...
2024-12-29 01:17:13,018 - CryptoAnalyzer - INFO - تم تحديث تحليل BNB/USDT
2024-12-29 01:17:13,019 - CryptoAnalyzer - INFO - تحديث بيانات XRP/USDT...
2024-12-29 01:17:15,710 - CryptoAnalyzer - INFO - تم تحديث تحليل XRP/USDT
2024-12-29 01:17:15,710 - CryptoAnalyzer - INFO - تحديث بيانات ATA/USDT...
2024-12-29 01:17:17,597 - CryptoAnalyzer - INFO - تم تحديث تحليل ATA/USDT
2024-12-29 01:17:17,597 - CryptoAnalyzer - INFO - تحديث بيانات DOGE/USDT...
2024-12-29 01:17:19,414 - CryptoAnalyzer - INFO - تم تحديث تحليل DOGE/USDT
2024-12-29 01:17:19,414 - CryptoAnalyzer - INFO - تحديث بيانات GMT/USDT...
2024-12-29 01:17:21,167 - CryptoAnalyzer - INFO - تم تحديث تحليل GMT/USDT
2024-12-29 01:17:21,169 - CryptoAnalyzer - INFO - تحديث بيانات USUAL/USDT...
2024-12-29 01:17:23,211 - CryptoAnalyzer - INFO - تم تحديث تحليل USUAL/USDT
2024-12-29 01:17:23,216 - CryptoAnalyzer - INFO - تحديث بيانات PEPE/USDT...
2024-12-29 01:17:25,359 - CryptoAnalyzer - INFO - تم تحديث تحليل PEPE/USDT
2024-12-29 01:17:25,360 - CryptoAnalyzer - INFO - تحديث بيانات SUI/USDT...
2024-12-29 01:17:27,260 - CryptoAnalyzer - INFO - تم تحديث تحليل SUI/USDT
2024-12-29 01:17:27,261 - CryptoAnalyzer - INFO - تحديث بيانات HBAR/USDT...
2024-12-29 01:17:29,109 - CryptoAnalyzer - INFO - تم تحديث تحليل HBAR/USDT
2024-12-29 01:17:29,109 - CryptoAnalyzer - INFO - تحديث بيانات TRX/USDT...
2024-12-29 01:17:31,242 - CryptoAnalyzer - INFO - تم تحديث تحليل TRX/USDT
2024-12-29 01:17:31,242 - CryptoAnalyzer - INFO - تحديث بيانات LINK/USDT...
2024-12-29 01:17:34,068 - CryptoAnalyzer - INFO - تم تحديث تحليل LINK/USDT
2024-12-29 01:17:34,068 - CryptoAnalyzer - INFO - تحديث بيانات PENGU/USDT...
2024-12-29 01:17:36,070 - CryptoAnalyzer - INFO - تم تحديث تحليل PENGU/USDT
2024-12-29 01:17:36,071 - CryptoAnalyzer - INFO - تحديث بيانات ZEN/USDT...
2024-12-29 01:17:37,610 - CryptoAnalyzer - INFO - تم تحديث تحليل ZEN/USDT
2024-12-29 01:17:37,611 - CryptoAnalyzer - INFO - تحديث بيانات SCRT/USDT...
2024-12-29 01:17:39,294 - CryptoAnalyzer - INFO - تم تحديث تحليل SCRT/USDT
2024-12-29 01:20:38,822 - CryptoAnalyzer - INFO - تحديث بيانات BTC/USDT...
2024-12-29 01:20:41,261 - CryptoAnalyzer - INFO - تم تحديث تحليل BTC/USDT
2024-12-29 01:20:41,262 - CryptoAnalyzer - INFO - تحديث بيانات ETH/USDT...
2024-12-29 01:20:43,081 - CryptoAnalyzer - INFO - تم تحديث تحليل ETH/USDT
2024-12-29 01:20:43,751 - CryptoAnalyzer - INFO - تحديث بيانات USDC/USDT...
2024-12-29 01:20:45,925 - CryptoAnalyzer - INFO - تم تحديث تحليل USDC/USDT
2024-12-29 01:20:45,926 - CryptoAnalyzer - INFO - تحديث بيانات FDUSD/USDT...
2024-12-29 01:20:47,976 - CryptoAnalyzer - INFO - تم تحديث تحليل FDUSD/USDT
2024-12-29 01:20:47,980 - CryptoAnalyzer - INFO - تحديث بيانات SOL/USDT...
2024-12-29 01:20:49,746 - CryptoAnalyzer - INFO - تم تحديث تحليل SOL/USDT
2024-12-29 01:20:49,747 - CryptoAnalyzer - INFO - تحديث بيانات PHA/USDT...
2024-12-29 01:20:51,670 - CryptoAnalyzer - INFO - تم تحديث تحليل PHA/USDT
2024-12-29 01:20:51,670 - CryptoAnalyzer - INFO - تحديث بيانات BNB/USDT...
2024-12-29 01:20:53,746 - CryptoAnalyzer - INFO - تم تحديث تحليل BNB/USDT
2024-12-29 01:20:53,746 - CryptoAnalyzer - INFO - تحديث بيانات XRP/USDT...
2024-12-29 01:20:55,856 - CryptoAnalyzer - INFO - تم تحديث تحليل XRP/USDT
2024-12-29 01:20:55,857 - CryptoAnalyzer - INFO - تحديث بيانات ATA/USDT...
2024-12-29 01:20:58,268 - CryptoAnalyzer - INFO - تم تحديث تحليل ATA/USDT
2024-12-29 01:20:58,273 - CryptoAnalyzer - INFO - تحديث بيانات DOGE/USDT...
2024-12-29 01:21:00,888 - CryptoAnalyzer - INFO - تم تحديث تحليل DOGE/USDT
2024-12-29 01:21:00,889 - CryptoAnalyzer - INFO - تحديث بيانات GMT/USDT...
2024-12-29 01:21:03,434 - CryptoAnalyzer - INFO - تم تحديث تحليل GMT/USDT
2024-12-29 01:21:03,437 - CryptoAnalyzer - INFO - تحديث بيانات USUAL/USDT...
2024-12-29 01:21:06,391 - CryptoAnalyzer - INFO - تم تحديث تحليل USUAL/USDT
2024-12-29 01:21:06,394 - CryptoAnalyzer - INFO - تحديث بيانات PEPE/USDT...
2024-12-29 01:21:10,497 - CryptoAnalyzer - INFO - تم تحديث تحليل PEPE/USDT
2024-12-29 01:21:10,498 - CryptoAnalyzer - INFO - تحديث بيانات SUI/USDT...
2024-12-29 01:21:12,939 - CryptoAnalyzer - INFO - تم تحديث تحليل SUI/USDT
2024-12-29 01:21:12,941 - CryptoAnalyzer - INFO - تحديث بيانات HBAR/USDT...
2024-12-29 01:21:15,564 - CryptoAnalyzer - INFO - تم تحديث تحليل HBAR/USDT
2024-12-29 01:21:15,588 - CryptoAnalyzer - INFO - تحديث بيانات TRX/USDT...
2024-12-29 01:21:18,885 - CryptoAnalyzer - INFO - تم تحديث تحليل TRX/USDT
2024-12-29 01:21:18,888 - CryptoAnalyzer - INFO - تحديث بيانات LINK/USDT...
2024-12-29 01:21:21,350 - CryptoAnalyzer - INFO - تم تحديث تحليل LINK/USDT
2024-12-29 01:21:21,351 - CryptoAnalyzer - INFO - تحديث بيانات PENGU/USDT...
2024-12-29 01:21:24,351 - CryptoAnalyzer - INFO - تم تحديث تحليل PENGU/USDT
2024-12-29 01:21:24,352 - CryptoAnalyzer - INFO - تحديث بيانات ZEN/USDT...
2024-12-29 01:21:26,771 - CryptoAnalyzer - INFO - تم تحديث تحليل ZEN/USDT
2024-12-29 01:21:26,771 - CryptoAnalyzer - INFO - تحديث بيانات SCRT/USDT...
2024-12-29 01:21:29,080 - CryptoAnalyzer - INFO - تم تحديث تحليل SCRT/USDT
2024-12-29 01:24:22,706 - CryptoAnalyzer - INFO - تحديث بيانات BTC/USDT...
2024-12-29 01:24:25,948 - CryptoAnalyzer - INFO - تم تحديث تحليل BTC/USDT
2024-12-29 01:24:25,949 - CryptoAnalyzer - INFO - تحديث بيانات ETH/USDT...
2024-12-29 01:24:27,871 - CryptoAnalyzer - INFO - تم تحديث تحليل ETH/USDT
2024-12-29 01:24:27,871 - CryptoAnalyzer - INFO - تحديث بيانات USDC/USDT...
2024-12-29 01:24:29,730 - CryptoAnalyzer - INFO - تم تحديث تحليل USDC/USDT
2024-12-29 01:24:29,730 - CryptoAnalyzer - INFO - تحديث بيانات FDUSD/USDT...
2024-12-29 01:24:31,530 - CryptoAnalyzer - INFO - تم تحديث تحليل FDUSD/USDT
2024-12-29 01:24:31,531 - CryptoAnalyzer - INFO - تحديث بيانات SOL/USDT...
2024-12-29 01:24:33,540 - CryptoAnalyzer - INFO - تم تحديث تحليل SOL/USDT
2024-12-29 01:24:33,541 - CryptoAnalyzer - INFO - تحديث بيانات PHA/USDT...
2024-12-29 01:24:35,081 - CryptoAnalyzer - ERROR - خطأ في تحديث الصفحة: 'TechnicalAnalyzer' object has no attribute 'get_analysis_data'
2024-12-29 01:24:35,306 - CryptoAnalyzer - INFO - تم تحديث تحليل PHA/USDT
2024-12-29 01:24:35,307 - CryptoAnalyzer - INFO - تحديث بيانات BNB/USDT...
2024-12-29 01:24:38,278 - CryptoAnalyzer - INFO - تم تحديث تحليل BNB/USDT
2024-12-29 01:24:38,280 - CryptoAnalyzer - INFO - تحديث بيانات XRP/USDT...
2024-12-29 01:24:40,712 - CryptoAnalyzer - INFO - تم تحديث تحليل XRP/USDT
2024-12-29 01:24:40,712 - CryptoAnalyzer - INFO - تحديث بيانات ATA/USDT...
2024-12-29 01:24:41,051 - CryptoAnalyzer - ERROR - خطأ في تحديث الصفحة: 'TechnicalAnalyzer' object has no attribute 'get_analysis_data'
2024-12-29 01:24:44,053 - CryptoAnalyzer - INFO - تم تحديث تحليل ATA/USDT
2024-12-29 01:24:44,054 - CryptoAnalyzer - INFO - تحديث بيانات DOGE/USDT...
2024-12-29 01:24:47,419 - CryptoAnalyzer - INFO - تم تحديث تحليل DOGE/USDT
2024-12-29 01:24:47,420 - CryptoAnalyzer - INFO - تحديث بيانات GMT/USDT...
2024-12-29 01:24:50,004 - CryptoAnalyzer - INFO - تم تحديث تحليل GMT/USDT
2024-12-29 01:24:50,005 - CryptoAnalyzer - INFO - تحديث بيانات USUAL/USDT...
2024-12-29 01:24:52,206 - CryptoAnalyzer - INFO - تم تحديث تحليل USUAL/USDT
2024-12-29 01:24:52,206 - CryptoAnalyzer - INFO - تحديث بيانات PEPE/USDT...
2024-12-29 01:24:55,105 - CryptoAnalyzer - INFO - تم تحديث تحليل PEPE/USDT
2024-12-29 01:24:55,105 - CryptoAnalyzer - INFO - تحديث بيانات SUI/USDT...
2024-12-29 01:24:57,478 - CryptoAnalyzer - INFO - تم تحديث تحليل SUI/USDT
2024-12-29 01:24:57,835 - CryptoAnalyzer - INFO - تحديث بيانات HBAR/USDT...
2024-12-29 01:24:58,879 - CryptoAnalyzer - ERROR - خطأ في تحديث الصفحة: 'TechnicalAnalyzer' object has no attribute 'get_analysis_data'
2024-12-29 01:25:00,934 - CryptoAnalyzer - INFO - تم تحديث تحليل HBAR/USDT
2024-12-29 01:25:00,941 - CryptoAnalyzer - INFO - تحديث بيانات TRX/USDT...
2024-12-29 01:25:03,281 - CryptoAnalyzer - INFO - تم تحديث تحليل TRX/USDT
2024-12-29 01:25:03,281 - CryptoAnalyzer - INFO - تحديث بيانات LINK/USDT...
2024-12-29 01:25:05,825 - CryptoAnalyzer - INFO - تم تحديث تحليل LINK/USDT
2024-12-29 01:25:05,825 - CryptoAnalyzer - INFO - تحديث بيانات PENGU/USDT...
2024-12-29 01:25:08,625 - CryptoAnalyzer - INFO - تم تحديث تحليل PENGU/USDT
2024-12-29 01:25:08,627 - CryptoAnalyzer - INFO - تحديث بيانات ZEN/USDT...
2024-12-29 01:25:10,770 - CryptoAnalyzer - INFO - تم تحديث تحليل ZEN/USDT
2024-12-29 01:25:10,770 - CryptoAnalyzer - INFO - تحديث بيانات SCRT/USDT...
2024-12-29 01:25:12,460 - CryptoAnalyzer - ERROR - خطأ في تحديث الصفحة: 'TechnicalAnalyzer' object has no attribute 'get_analysis_data'
2024-12-29 01:25:12,711 - CryptoAnalyzer - INFO - تم تحديث تحليل SCRT/USDT
2024-12-29 01:25:29,846 - CryptoAnalyzer - ERROR - خطأ في تحديث الصفحة: 'TechnicalAnalyzer' object has no attribute 'get_analysis_data'
2024-12-29 01:25:44,464 - CryptoAnalyzer - ERROR - خطأ في تحديث الصفحة: 'TechnicalAnalyzer' object has no attribute 'get_analysis_data'
2024-12-29 01:25:52,056 - CryptoAnalyzer - ERROR - خطأ في تحديث الصفحة: 'TechnicalAnalyzer' object has no attribute 'get_analysis_data'
2024-12-29 01:26:07,726 - CryptoAnalyzer - ERROR - خطأ في تحديث الصفحة: 'TechnicalAnalyzer' object has no attribute 'get_analysis_data'
2024-12-29 01:26:15,203 - CryptoAnalyzer - ERROR - خطأ في تحديث الصفحة: 'TechnicalAnalyzer' object has no attribute 'get_analysis_data'
2024-12-29 01:26:38,081 - CryptoAnalyzer - ERROR - خطأ في تحديث الصفحة: 'TechnicalAnalyzer' object has no attribute 'get_analysis_data'
2024-12-29 01:27:00,651 - CryptoAnalyzer - ERROR - خطأ في تحديث الصفحة: 'TechnicalAnalyzer' object has no attribute 'get_analysis_data'
2024-12-29 01:27:30,472 - CryptoAnalyzer - ERROR - خطأ في تحديث الصفحة: 'TechnicalAnalyzer' object has no attribute 'get_analysis_data'
2024-12-29 01:27:44,858 - CryptoAnalyzer - ERROR - خطأ في تحديث الصفحة: 'TechnicalAnalyzer' object has no attribute 'get_analysis_data'
2024-12-29 01:28:14,784 - CryptoAnalyzer - ERROR - خطأ في تحديث الصفحة: 'TechnicalAnalyzer' object has no attribute 'get_analysis_data'
2024-12-29 01:28:44,770 - CryptoAnalyzer - ERROR - خطأ في تحديث الصفحة: 'TechnicalAnalyzer' object has no attribute 'get_analysis_data'
2024-12-29 01:29:15,579 - CryptoAnalyzer - ERROR - خطأ في تحديث الصفحة: 'TechnicalAnalyzer' object has no attribute 'get_analysis_data'
2024-12-29 01:29:45,426 - CryptoAnalyzer - ERROR - خطأ في تحديث الصفحة: 'TechnicalAnalyzer' object has no attribute 'get_analysis_data'
2024-12-29 01:30:12,727 - CryptoAnalyzer - INFO - تحديث بيانات BTC/USDT...
2024-12-29 01:30:14,791 - CryptoAnalyzer - ERROR - خطأ في تحديث الصفحة: 'TechnicalAnalyzer' object has no attribute 'get_analysis_data'
2024-12-29 01:30:14,988 - CryptoAnalyzer - INFO - تم تحديث تحليل BTC/USDT
2024-12-29 01:30:14,988 - CryptoAnalyzer - INFO - تحديث بيانات ETH/USDT...
2024-12-29 01:30:17,420 - CryptoAnalyzer - INFO - تم تحديث تحليل ETH/USDT
2024-12-29 01:30:17,420 - CryptoAnalyzer - INFO - تحديث بيانات USDC/USDT...
2024-12-29 01:30:19,024 - CryptoAnalyzer - INFO - تم تحديث تحليل USDC/USDT
2024-12-29 01:30:19,025 - CryptoAnalyzer - INFO - تحديث بيانات FDUSD/USDT...
2024-12-29 01:30:21,044 - CryptoAnalyzer - INFO - تم تحديث تحليل FDUSD/USDT
2024-12-29 01:30:21,044 - CryptoAnalyzer - INFO - تحديث بيانات SOL/USDT...
2024-12-29 01:30:22,964 - CryptoAnalyzer - INFO - تم تحديث تحليل SOL/USDT
2024-12-29 01:30:22,965 - CryptoAnalyzer - INFO - تحديث بيانات PHA/USDT...
2024-12-29 01:30:25,912 - CryptoAnalyzer - INFO - تم تحديث تحليل PHA/USDT
2024-12-29 01:30:25,912 - CryptoAnalyzer - INFO - تحديث بيانات BNB/USDT...
2024-12-29 01:30:28,217 - CryptoAnalyzer - INFO - تم تحديث تحليل BNB/USDT
2024-12-29 01:30:28,217 - CryptoAnalyzer - INFO - تحديث بيانات XRP/USDT...
2024-12-29 01:30:29,846 - CryptoAnalyzer - INFO - تم تحديث تحليل XRP/USDT
2024-12-29 01:30:29,846 - CryptoAnalyzer - INFO - تحديث بيانات ATA/USDT...
2024-12-29 01:30:31,488 - CryptoAnalyzer - INFO - تم تحديث تحليل ATA/USDT
2024-12-29 01:30:31,488 - CryptoAnalyzer - INFO - تحديث بيانات DOGE/USDT...
2024-12-29 01:30:33,125 - CryptoAnalyzer - INFO - تم تحديث تحليل DOGE/USDT
2024-12-29 01:30:33,126 - CryptoAnalyzer - INFO - تحديث بيانات GMT/USDT...
2024-12-29 01:30:34,801 - CryptoAnalyzer - INFO - تم تحديث تحليل GMT/USDT
2024-12-29 01:30:34,801 - CryptoAnalyzer - INFO - تحديث بيانات USUAL/USDT...
2024-12-29 01:30:36,347 - CryptoAnalyzer - INFO - تم تحديث تحليل USUAL/USDT
2024-12-29 01:30:36,347 - CryptoAnalyzer - INFO - تحديث بيانات PEPE/USDT...
2024-12-29 01:30:38,004 - CryptoAnalyzer - INFO - تم تحديث تحليل PEPE/USDT
2024-12-29 01:30:38,004 - CryptoAnalyzer - INFO - تحديث بيانات SUI/USDT...
2024-12-29 01:30:39,617 - CryptoAnalyzer - INFO - تم تحديث تحليل SUI/USDT
2024-12-29 01:30:39,617 - CryptoAnalyzer - INFO - تحديث بيانات HBAR/USDT...
2024-12-29 01:30:41,310 - CryptoAnalyzer - INFO - تم تحديث تحليل HBAR/USDT
2024-12-29 01:30:41,310 - CryptoAnalyzer - INFO - تحديث بيانات TRX/USDT...
2024-12-29 01:30:43,331 - CryptoAnalyzer - INFO - تم تحديث تحليل TRX/USDT
2024-12-29 01:30:43,331 - CryptoAnalyzer - INFO - تحديث بيانات LINK/USDT...
2024-12-29 01:30:45,534 - CryptoAnalyzer - ERROR - خطأ في تحديث الصفحة: 'TechnicalAnalyzer' object has no attribute 'get_analysis_data'
2024-12-29 01:30:46,062 - CryptoAnalyzer - INFO - تم تحديث تحليل LINK/USDT
2024-12-29 01:30:46,062 - CryptoAnalyzer - INFO - تحديث بيانات PENGU/USDT...
2024-12-29 01:30:47,664 - CryptoAnalyzer - INFO - تم تحديث تحليل PENGU/USDT
2024-12-29 01:30:47,668 - CryptoAnalyzer - INFO - تحديث بيانات ZEN/USDT...
2024-12-29 01:30:49,410 - CryptoAnalyzer - INFO - تم تحديث تحليل ZEN/USDT
2024-12-29 01:30:49,411 - CryptoAnalyzer - INFO - تحديث بيانات SCRT/USDT...
2024-12-29 01:30:51,454 - CryptoAnalyzer - INFO - تم تحديث تحليل SCRT/USDT
2024-12-29 01:31:15,019 - CryptoAnalyzer - ERROR - خطأ في تحديث الصفحة: 'TechnicalAnalyzer' object has no attribute 'get_analysis_data'
2024-12-29 01:31:32,402 - CryptoAnalyzer - ERROR - خطأ في تحديث الصفحة: 'TechnicalAnalyzer' object has no attribute 'get_analysis_data'
2024-12-29 01:31:33,717 - CryptoAnalyzer - INFO - تحديث بيانات BTC/USDT...
2024-12-29 01:32:02,251 - CryptoAnalyzer - ERROR - خطأ في تحديث الصفحة: 'TechnicalAnalyzer' object has no attribute 'get_analysis_data'
2024-12-29 01:36:52,272 - CryptoAnalyzer - INFO - تحديث بيانات BTC/USDT...
2024-12-29 01:36:54,429 - CryptoAnalyzer - INFO - تم تحديث تحليل BTC/USDT
2024-12-29 01:36:54,429 - CryptoAnalyzer - INFO - تحديث بيانات ETH/USDT...
2024-12-29 01:36:56,431 - CryptoAnalyzer - INFO - تم تحديث تحليل ETH/USDT
2024-12-29 01:36:56,431 - CryptoAnalyzer - INFO - تحديث بيانات USDC/USDT...
2024-12-29 01:36:58,254 - CryptoAnalyzer - INFO - تم تحديث تحليل USDC/USDT
2024-12-29 01:36:58,254 - CryptoAnalyzer - INFO - تحديث بيانات FDUSD/USDT...
2024-12-29 01:37:00,720 - CryptoAnalyzer - INFO - تم تحديث تحليل FDUSD/USDT
2024-12-29 01:37:00,721 - CryptoAnalyzer - INFO - تحديث بيانات SOL/USDT...
2024-12-29 01:37:02,315 - CryptoAnalyzer - INFO - تم تحديث تحليل SOL/USDT
2024-12-29 01:37:02,315 - CryptoAnalyzer - INFO - تحديث بيانات PHA/USDT...
2024-12-29 01:37:03,872 - CryptoAnalyzer - INFO - تم تحديث تحليل PHA/USDT
2024-12-29 01:37:03,872 - CryptoAnalyzer - INFO - تحديث بيانات BNB/USDT...
2024-12-29 01:37:05,507 - CryptoAnalyzer - INFO - تم تحديث تحليل BNB/USDT
2024-12-29 01:37:05,507 - CryptoAnalyzer - INFO - تحديث بيانات XRP/USDT...
2024-12-29 01:37:07,187 - CryptoAnalyzer - INFO - تم تحديث تحليل XRP/USDT
2024-12-29 01:37:07,187 - CryptoAnalyzer - INFO - تحديث بيانات ATA/USDT...
2024-12-29 01:37:08,897 - CryptoAnalyzer - INFO - تم تحديث تحليل ATA/USDT
2024-12-29 01:37:08,897 - CryptoAnalyzer - INFO - تحديث بيانات DOGE/USDT...
2024-12-29 01:37:11,881 - CryptoAnalyzer - INFO - تم تحديث تحليل DOGE/USDT
2024-12-29 01:37:11,882 - CryptoAnalyzer - INFO - تحديث بيانات GMT/USDT...
2024-12-29 01:37:13,661 - CryptoAnalyzer - INFO - تحديث بيانات BTC/USDT...
2024-12-29 01:37:14,939 - CryptoAnalyzer - INFO - تم تحديث تحليل GMT/USDT
2024-12-29 01:37:14,940 - CryptoAnalyzer - INFO - تحديث بيانات USUAL/USDT...
2024-12-29 01:37:16,535 - CryptoAnalyzer - INFO - تم تحديث تحليل BTC/USDT
2024-12-29 01:37:16,535 - CryptoAnalyzer - INFO - تحديث بيانات ETH/USDT...
2024-12-29 01:37:17,052 - CryptoAnalyzer - INFO - تم تحديث تحليل USUAL/USDT
2024-12-29 01:37:17,052 - CryptoAnalyzer - INFO - تحديث بيانات PEPE/USDT...
2024-12-29 01:37:18,660 - CryptoAnalyzer - INFO - تم تحديث تحليل ETH/USDT
2024-12-29 01:37:18,661 - CryptoAnalyzer - INFO - تحديث بيانات USDC/USDT...
2024-12-29 01:37:19,132 - CryptoAnalyzer - INFO - تم تحديث تحليل PEPE/USDT
2024-12-29 01:37:19,132 - CryptoAnalyzer - INFO - تحديث بيانات SUI/USDT...
2024-12-29 01:37:20,852 - CryptoAnalyzer - INFO - تم تحديث تحليل USDC/USDT
2024-12-29 01:37:20,852 - CryptoAnalyzer - INFO - تحديث بيانات FDUSD/USDT...
2024-12-29 01:37:21,368 - CryptoAnalyzer - INFO - تم تحديث تحليل SUI/USDT
2024-12-29 01:37:21,368 - CryptoAnalyzer - INFO - تحديث بيانات HBAR/USDT...
2024-12-29 01:37:22,771 - CryptoAnalyzer - INFO - تم تحديث تحليل FDUSD/USDT
2024-12-29 01:37:22,771 - CryptoAnalyzer - INFO - تحديث بيانات SOL/USDT...
2024-12-29 01:37:23,296 - CryptoAnalyzer - INFO - تم تحديث تحليل HBAR/USDT
2024-12-29 01:37:23,296 - CryptoAnalyzer - INFO - تحديث بيانات TRX/USDT...
2024-12-29 01:37:24,449 - CryptoAnalyzer - INFO - تم تحديث تحليل SOL/USDT
2024-12-29 01:37:24,449 - CryptoAnalyzer - INFO - تحديث بيانات PHA/USDT...
2024-12-29 01:37:25,068 - CryptoAnalyzer - INFO - تم تحديث تحليل TRX/USDT
2024-12-29 01:37:25,068 - CryptoAnalyzer - INFO - تحديث بيانات LINK/USDT...
2024-12-29 01:37:26,337 - CryptoAnalyzer - INFO - تم تحديث تحليل PHA/USDT
2024-12-29 01:37:26,338 - CryptoAnalyzer - INFO - تحديث بيانات BNB/USDT...
2024-12-29 01:37:26,950 - CryptoAnalyzer - INFO - تم تحديث تحليل LINK/USDT
2024-12-29 01:37:26,950 - CryptoAnalyzer - INFO - تحديث بيانات PENGU/USDT...
2024-12-29 01:37:29,026 - CryptoAnalyzer - INFO - تم تحديث تحليل PENGU/USDT
2024-12-29 01:37:29,026 - CryptoAnalyzer - INFO - تحديث بيانات ZEN/USDT...
2024-12-29 01:37:31,503 - CryptoAnalyzer - INFO - تم تحديث تحليل ZEN/USDT
2024-12-29 01:37:31,503 - CryptoAnalyzer - INFO - تحديث بيانات SCRT/USDT...
2024-12-29 01:37:34,316 - CryptoAnalyzer - INFO - تم تحديث تحليل SCRT/USDT
